Build started 1/31/2013 11:54:34 PM.
     1>Project "C:\copy\CSE451Project3\CSE451Project3.vcxproj" on node 2 (build target(s)).
     1>InitializeBuildStatus:
         Creating "Release\CSE451Project3.unsuccessfulbuild" because "AlwaysCreate" was specified.
       ClCompile:
         All outputs are up-to-date.
         c:\Program Files (x86)\Microsoft Visual Studio 10.0\VC\bin\CL.exe /c /Zi /nologo /W3 /WX- /O2 /Oy- /GL /D WIN32 /D NDEBUG /D _CONSOLE /D _UNICODE /D UNICODE /Gm- /EHsc /MD /GS /fp:precise /Zc:wchar_t /Zc:forScope /Yu"StdAfx.h" /Fp"Release\CSE451Project3.pch" /Fo"Release\\" /Fd"Release\vc100.pdb" /Gd /TC /analyze- /errorReport:prompt CSECopy.c
         CSECopy.c
     1>C:\Program Files (x86)\MSBuild\Microsoft.Cpp\v4.0\Microsoft.CppBuild.targets(990,5): warning MSB8012: TargetPath(C:\copy\Release\CSE451Project3.exe) does not match the Linker's OutputFile property value (C:\copy\Release\mtcopy.exe). This may cause your project to build incorrectly. To correct this, please make sure that $(OutDir), $(TargetName) and $(TargetExt) property values match the value specified in %(Link.OutputFile).
     1>C:\Program Files (x86)\MSBuild\Microsoft.Cpp\v4.0\Microsoft.CppBuild.targets(992,5): warning MSB8012: TargetName(CSE451Project3) does not match the Linker's OutputFile property value (mtcopy). This may cause your project to build incorrectly. To correct this, please make sure that $(OutDir), $(TargetName) and $(TargetExt) property values match the value specified in %(Link.OutputFile).
       Link:
         c:\Program Files (x86)\Microsoft Visual Studio 10.0\VC\bin\link.exe /ERRORREPORT:PROMPT /OUT:"C:\copy\Release\mtcopy.exe" /INCREMENTAL:NO /NOLOGO kernel32.lib user32.lib gdi32.lib winspool.lib comdlg32.lib advapi32.lib shell32.lib ole32.lib oleaut32.lib uuid.lib odbc32.lib odbccp32.lib /MANIFEST /ManifestFile:"Release\CSE451Project3.exe.intermediate.manifest" /MANIFESTUAC:"level='asInvoker' uiAccess='false'" /DEBUG /PDB:"C:\copy\Release\CSE451Project3.pdb" /SUBSYSTEM:CONSOLE /OPT:REF /OPT:ICF /LTCG /TLBID:1 /DYNAMICBASE:NO /IMPLIB:"C:\copy\Release\CSE451Project3.lib" /MACHINE:X86 Release\CSE451Project3.obj
         Release\CSECopy.obj
         Release\stdafx.obj
         wsetargv.obj
         Generating code
         Finished generating code
     1>wsetargv.obj : warning LNK4099: PDB 'libcmt.pdb' was not found with 'wsetargv.obj' or at 'C:\copy\Release\libcmt.pdb'; linking object as if no debug info
         CSE451Project3.vcxproj -> C:\copy\Release\CSE451Project3.exe
       Manifest:
         C:\Program Files (x86)\Microsoft SDKs\Windows\v7.0A\bin\mt.exe /nologo /verbose /outputresource:"C:\copy\Release\mtcopy.exe;#1" /manifest Release\CSE451Project3.exe.intermediate.manifest
       FinalizeBuildStatus:
         Deleting file "Release\CSE451Project3.unsuccessfulbuild".
         Touching "Release\CSE451Project3.lastbuildstate".
     1>Done Building Project "C:\copy\CSE451Project3\CSE451Project3.vcxproj" (build target(s)).

Build succeeded.

Time Elapsed 00:00:00.34
